<?xml version="1.0" encoding="UTF-8"?>
<!-- Generated by org.testng.reporters.JUnitReportReporter -->
<testsuite hostname="LAPTOP-3G7K8O99" failures="0" tests="2" name="Deepak.tests.ErrorValidation" time="18.307" errors="0" timestamp="2023-03-31T14:36:36 IST" skipped="0">
  <testcase classname="Deepak.tests.ErrorValidation" name="errorValidation" time="8.403"/>
  <system-out/>
  <testcase classname="Deepak.tests.ErrorValidation" name="productErrorValidation" time="9.904"/>
  <system-out/>
</testsuite> <!-- Deepak.tests.ErrorValidation -->
